[18:46:40] [main/INFO]: Using standard Java JCE cipher.
[18:46:40] [main/INFO]: Using standard Java compressor.
[18:46:40] [main/INFO]: Enabled Waterfall version git:Waterfall-Bootstrap:1.19-R0.1-SNAPSHOT:3df3a27:526
[18:46:41] [main/INFO]: Discovered module: ModuleSpec(name=cmd_alert, file=modules\cmd_alert.jar, provider=JenkinsModuleSource())
[18:46:41] [main/INFO]: Discovered module: ModuleSpec(name=cmd_find, file=modules\cmd_find.jar, provider=JenkinsModuleSource())
[18:46:41] [main/INFO]: Discovered module: ModuleSpec(name=cmd_list, file=modules\cmd_list.jar, provider=JenkinsModuleSource())
[18:46:41] [main/INFO]: Discovered module: ModuleSpec(name=cmd_send, file=modules\cmd_send.jar, provider=JenkinsModuleSource())
[18:46:41] [main/INFO]: Discovered module: ModuleSpec(name=cmd_server, file=modules\cmd_server.jar, provider=JenkinsModuleSource())
[18:46:41] [main/INFO]: Discovered module: ModuleSpec(name=reconnect_yaml, file=modules\reconnect_yaml.jar, provider=JenkinsModuleSource())
[18:46:41] [main/INFO]: Loaded plugin reconnect_yaml version git:reconnect_yaml:1.19-R0.1-SNAPSHOT:3df3a27:526 by WaterfallMC
[18:46:41] [main/INFO]: Loaded plugin cmd_find version git:cmd_find:1.19-R0.1-SNAPSHOT:3df3a27:526 by WaterfallMC
[18:46:41] [main/INFO]: Loaded plugin cmd_server version git:cmd_server:1.19-R0.1-SNAPSHOT:3df3a27:526 by WaterfallMC
[18:46:41] [main/INFO]: Loaded plugin cmd_alert version git:cmd_alert:1.19-R0.1-SNAPSHOT:3df3a27:526 by WaterfallMC
[18:46:41] [main/INFO]: Loaded plugin cmd_send version git:cmd_send:1.19-R0.1-SNAPSHOT:3df3a27:526 by WaterfallMC
[18:46:41] [main/INFO]: Loaded plugin cmd_list version git:cmd_list:1.19-R0.1-SNAPSHOT:3df3a27:526 by WaterfallMC
[18:46:41] [main/WARN]: :>:>:>:>:>:>:>:>:>:>:>:>:>:>:>:>:>:>:>:>:>:>:>
[18:46:41] [main/WARN]: :>  
[18:46:41] [main/WARN]: :>      EAGLERCRAFTXBUNGEE WARNING:
[18:46:41] [main/WARN]: :>  
[18:46:41] [main/WARN]: :>  This plugin wasn't tested to be 'working'
[18:46:41] [main/WARN]: :>  with ANY version of BungeeCord (and forks)
[18:46:41] [main/WARN]: :>  apart from the versions listed below:
[18:46:41] [main/WARN]: :>  
[18:46:41] [main/WARN]: :>  - BungeeCord: 1.21-R0.1-SNAPSHOT:0aa2871:1893
[18:46:41] [main/WARN]: :>  - https://ci.md-5.net/job/BungeeCord/1893/artifact/bootstrap/target/BungeeCord.jar
[18:46:41] [main/WARN]: :>  
[18:46:41] [main/WARN]: :>  - Waterfall: 1.21-R0.1-SNAPSHOT:9ab9e2b:582
[18:46:41] [main/WARN]: :>  - https://api.papermc.io/v2/projects/waterfall/versions/1.21/builds/582/downloads/waterfall-1.21-582.jar
[18:46:41] [main/WARN]: :>  
[18:46:41] [main/WARN]: :>  This is not a Bukkit/Spigot plugin!
[18:46:41] [main/WARN]: :>  
[18:46:41] [main/WARN]: :>  Use "-Deaglerxbungee.stfu=true" to hide
[18:46:41] [main/WARN]: :>  
[18:46:41] [main/WARN]: :>:>:>:>:>:>:>:>:>:>:>:>:>:>:>:>:>:>:>:>:>:>:>
[18:46:41] [main/INFO]: Loaded plugin EaglercraftXBungee version 1.3.6 by lax1dude
[18:46:41] [main/ERROR]: Exception in thread "main" java.lang.IllegalArgumentException: Bad hostline: ${SERVER}
[18:46:41] [main/ERROR]: 	at net.md_5.bungee.Util.getAddr(Util.java:52)
[18:46:41] [main/ERROR]: 	at net.md_5.bungee.conf.YamlConfig.getServers(YamlConfig.java:232)
[18:46:41] [main/ERROR]: 	at net.md_5.bungee.conf.Configuration.load(Configuration.java:118)
[18:46:41] [main/ERROR]: 	at io.github.waterfallmc.waterfall.conf.WaterfallConfiguration.load(WaterfallConfiguration.java:67)
[18:46:41] [main/ERROR]: 	at net.md_5.bungee.BungeeCord.start(BungeeCord.java:288)
[18:46:41] [main/ERROR]: 	at net.md_5.bungee.BungeeCordLauncher.main(BungeeCordLauncher.java:67)
[18:46:41] [main/ERROR]: 	at net.md_5.bungee.Bootstrap.main(Bootstrap.java:15)
[18:46:41] [main/ERROR]: Caused by: java.net.URISyntaxException: Illegal character in authority at index 6: tcp://${SERVER}
[18:46:41] [main/ERROR]: 	at java.net.URI$Parser.fail(Unknown Source)
[18:46:41] [main/ERROR]: 	at java.net.URI$Parser.parseAuthority(Unknown Source)
[18:46:41] [main/ERROR]: 	at java.net.URI$Parser.parseHierarchical(Unknown Source)
[18:46:41] [main/ERROR]: 	at java.net.URI$Parser.parse(Unknown Source)
[18:46:41] [main/ERROR]: 	at java.net.URI.<init>(Unknown Source)
[18:46:41] [main/ERROR]: 	at net.md_5.bungee.Util.getAddr(Util.java:49)
[18:46:41] [main/ERROR]: 	... 6 more
